<?xml version="1.0" encoding="UTF-8"?>
<testng-results ignored="0" total="1" passed="1" failed="0" skipped="0">
  <reporter-output>
  </reporter-output>
  <suite started-at="2022-03-25T08:15:27Z" name="Smoke Test" finished-at="2022-03-25T08:15:29Z" duration-ms="2445">
    <groups>
    </groups>
    <test started-at="2022-03-25T08:15:27Z" name="Login" finished-at="2022-03-25T08:15:29Z" duration-ms="2445">
      <class name="placelab.tests.LoginTest">
        <test-method is-config="true" signature="initDriver()[pri:0, instance:placelab.tests.LoginTest@14ec4505]" started-at="2022-03-25T09:15:21Z" name="initDriver" finished-at="2022-03-25T09:15:27Z" duration-ms="5367" status="PASS">
          <reporter-output>
          </reporter-output>
        </test-method> <!-- initDriver -->
        <test-method signature="testLoginPage()[pri:0, instance:placelab.tests.LoginTest@14ec4505]" started-at="2022-03-25T09:15:27Z" name="testLoginPage" finished-at="2022-03-25T09:15:29Z" duration-ms="2426" status="PASS">
          <reporter-output>
          </reporter-output>
        </test-method> <!-- testLoginPage -->
        <test-method is-config="true" signature="quitDriver()[pri:0, instance:placelab.tests.LoginTest@14ec4505]" started-at="2022-03-25T09:15:29Z" name="quitDriver" finished-at="2022-03-25T09:15:30Z" duration-ms="738" status="PASS">
          <reporter-output>
          </reporter-output>
        </test-method> <!-- quitDriver -->
      </class> <!-- placelab.tests.LoginTest -->
    </test> <!-- Login -->
  </suite> <!-- Smoke Test -->
</testng-results>
